Proposal 1
Facebook relies on an algorithm as well as individual users’ reports to identify content that is potentially "fake news." 
Once the content has been identified, it is sent to third party fact-checkers for verification. 
If the content is verified as fake news, it is publicly flagged with a warning that the content is disputed by fact-checkers.


Proposal 2
However, a designer at Facebook believes that there needs to be a different approach to content regulation. 
Their proposal is that content deemed problematic by third-party fact-checkers should be prevented from being shared on the platform altogether. 


Questions
Which form of content regulation, Proposal 1 or Proposal 2, do you feel is better? Why?
TODO
Which form of content regulation, Proposal 1 or Proposal 2, do you think best preserves or promotes the five rights and opportunities necessary for a democratic public sphere?
Which proposal best preserves or promotes Rights? Why?
TODO
Which proposal best preserves or promotes Opportunity for Expression? Why?
TODO
Which proposal best preserves or promotes Access? Why?
TODO
Which proposal best preserves or promotes Diversity? Why?
TODO
Which proposal best preserves or promotes Communicative Power? Why?
TODO
